This is pdfTeX, Version 3.141592653-2.6-1.40.25 (TeX Live 2023/Debian) (preloaded format=pdflatex 2025.8.5)  6 AUG 2025 10:11
entering extended mode
 restricted \write18 enabled.
 %&-line parsing enabled.
**output.tex
(./output.tex
LaTeX2e <2023-11-01> patch level 1
L3 programming layer <2024-01-22>
(/usr/share/texlive/texmf-dist/tex/latex/base/article.cls
Document Class: article 2023/05/17 v1.4n Standard LaTeX document class
(/usr/share/texlive/texmf-dist/tex/latex/base/size10.clo
File: size10.clo 2023/05/17 v1.4n Standard LaTeX file (size option)
)
\c@part=\count187
\c@section=\count188
\c@subsection=\count189
\c@subsubsection=\count190
\c@paragraph=\count191
\c@subparagraph=\count192
\c@figure=\count193
\c@table=\count194
\abovecaptionskip=\skip48
\belowcaptionskip=\skip49
\bibindent=\dimen140
)
(/usr/share/texlive/texmf-dist/tex/latex/psnfss/helvet.sty
Package: helvet 2020/03/25 PSNFSS-v9.3 (WaS) 

(/usr/share/texlive/texmf-dist/tex/latex/graphics/keyval.sty
Package: keyval 2022/05/29 v1.15 key=value parser (DPC)
\KV@toks@=\toks17
))
(/usr/share/texlive/texmf-dist/tex/latex/geometry/geometry.sty
Package: geometry 2020/01/02 v5.9 Page Geometry

(/usr/share/texlive/texmf-dist/tex/generic/iftex/ifvtex.sty
Package: ifvtex 2019/10/25 v1.7 ifvtex legacy package. Use iftex instead.

(/usr/share/texlive/texmf-dist/tex/generic/iftex/iftex.sty
Package: iftex 2022/02/03 v1.0f TeX engine tests
))
\Gm@cnth=\count195
\Gm@cntv=\count196
\c@Gm@tempcnt=\count197
\Gm@bindingoffset=\dimen141
\Gm@wd@mp=\dimen142
\Gm@odd@mp=\dimen143
\Gm@even@mp=\dimen144
\Gm@layoutwidth=\dimen145
\Gm@layoutheight=\dimen146
\Gm@layouthoffset=\dimen147
\Gm@layoutvoffset=\dimen148
\Gm@dimlist=\toks18
)
(/usr/share/texlive/texmf-dist/tex/latex/hyperref/hyperref.sty
Package: hyperref 2024-01-20 v7.01h Hypertext links for LaTeX

(/usr/share/texlive/texmf-dist/tex/latex/kvsetkeys/kvsetkeys.sty
Package: kvsetkeys 2022-10-05 v1.19 Key value parser (HO)
)
(/usr/share/texlive/texmf-dist/tex/generic/kvdefinekeys/kvdefinekeys.sty
Package: kvdefinekeys 2019-12-19 v1.6 Define keys (HO)
)
(/usr/share/texlive/texmf-dist/tex/generic/pdfescape/pdfescape.sty
Package: pdfescape 2019/12/09 v1.15 Implements pdfTeX's escape features (HO)

(/usr/share/texlive/texmf-dist/tex/generic/ltxcmds/ltxcmds.sty
Package: ltxcmds 2023-12-04 v1.26 LaTeX kernel commands for general use (HO)
)
(/usr/share/texlive/texmf-dist/tex/generic/pdftexcmds/pdftexcmds.sty
Package: pdftexcmds 2020-06-27 v0.33 Utility functions of pdfTeX for LuaTeX (HO
)

(/usr/share/texlive/texmf-dist/tex/generic/infwarerr/infwarerr.sty
Package: infwarerr 2019/12/03 v1.5 Providing info/warning/error messages (HO)
)
Package pdftexcmds Info: \pdf@primitive is available.
Package pdftexcmds Info: \pdf@ifprimitive is available.
Package pdftexcmds Info: \pdfdraftmode found.
))
(/usr/share/texlive/texmf-dist/tex/latex/hycolor/hycolor.sty
Package: hycolor 2020-01-27 v1.10 Color options for hyperref/bookmark (HO)
)
(/usr/share/texlive/texmf-dist/tex/latex/auxhook/auxhook.sty
Package: auxhook 2019-12-17 v1.6 Hooks for auxiliary files (HO)
)
(/usr/share/texlive/texmf-dist/tex/latex/hyperref/nameref.sty
Package: nameref 2023-11-26 v2.56 Cross-referencing by name of section

(/usr/share/texlive/texmf-dist/tex/latex/refcount/refcount.sty
Package: refcount 2019/12/15 v3.6 Data extraction from label references (HO)
)
(/usr/share/texlive/texmf-dist/tex/generic/gettitlestring/gettitlestring.sty
Package: gettitlestring 2019/12/15 v1.6 Cleanup title references (HO)

(/usr/share/texlive/texmf-dist/tex/latex/kvoptions/kvoptions.sty
Package: kvoptions 2022-06-15 v3.15 Key value format for package options (HO)
))
\c@section@level=\count198
)
(/usr/share/texlive/texmf-dist/tex/latex/etoolbox/etoolbox.sty
Package: etoolbox 2020/10/05 v2.5k e-TeX tools for LaTeX (JAW)
\etb@tempcnta=\count199
)
\@linkdim=\dimen149
\Hy@linkcounter=\count266
\Hy@pagecounter=\count267

(/usr/share/texlive/texmf-dist/tex/latex/hyperref/pd1enc.def
File: pd1enc.def 2024-01-20 v7.01h Hyperref: PDFDocEncoding definition (HO)
Now handling font encoding PD1 ...
... no UTF-8 mapping file for font encoding PD1
)
(/usr/share/texlive/texmf-dist/tex/generic/intcalc/intcalc.sty
Package: intcalc 2019/12/15 v1.3 Expandable calculations with integers (HO)
)
\Hy@SavedSpaceFactor=\count268

(/usr/share/texlive/texmf-dist/tex/latex/hyperref/puenc.def
File: puenc.def 2024-01-20 v7.01h Hyperref: PDF Unicode definition (HO)
Now handling font encoding PU ...
... no UTF-8 mapping file for font encoding PU
)
Package hyperref Info: Option `colorlinks' set `true' on input line 4062.
Package hyperref Info: Hyper figures OFF on input line 4179.
Package hyperref Info: Link nesting OFF on input line 4184.
Package hyperref Info: Hyper index ON on input line 4187.
Package hyperref Info: Plain pages OFF on input line 4194.
Package hyperref Info: Backreferencing OFF on input line 4199.
Package hyperref Info: Implicit mode ON; LaTeX internals redefined.
Package hyperref Info: Bookmarks ON on input line 4446.
\c@Hy@tempcnt=\count269

(/usr/share/texlive/texmf-dist/tex/latex/url/url.sty
\Urlmuskip=\muskip16
Package: url 2013/09/16  ver 3.4  Verb mode for urls, etc.
)
LaTeX Info: Redefining \url on input line 4784.
\XeTeXLinkMargin=\dimen150

(/usr/share/texlive/texmf-dist/tex/generic/bitset/bitset.sty
Package: bitset 2019/12/09 v1.3 Handle bit-vector datatype (HO)

(/usr/share/texlive/texmf-dist/tex/generic/bigintcalc/bigintcalc.sty
Package: bigintcalc 2019/12/15 v1.5 Expandable calculations on big integers (HO
)
))
\Fld@menulength=\count270
\Field@Width=\dimen151
\Fld@charsize=\dimen152
Package hyperref Info: Hyper figures OFF on input line 6063.
Package hyperref Info: Link nesting OFF on input line 6068.
Package hyperref Info: Hyper index ON on input line 6071.
Package hyperref Info: backreferencing OFF on input line 6078.
Package hyperref Info: Link coloring ON on input line 6081.
Package hyperref Info: Link coloring with OCG OFF on input line 6088.
Package hyperref Info: PDF/A mode OFF on input line 6093.

(/usr/share/texlive/texmf-dist/tex/latex/base/atbegshi-ltx.sty
Package: atbegshi-ltx 2021/01/10 v1.0c Emulation of the original atbegshi
package with kernel methods
)
\Hy@abspage=\count271
\c@Item=\count272
\c@Hfootnote=\count273
)
Package hyperref Info: Driver (autodetected): hpdftex.

(/usr/share/texlive/texmf-dist/tex/latex/hyperref/hpdftex.def
File: hpdftex.def 2024-01-20 v7.01h Hyperref driver for pdfTeX

(/usr/share/texlive/texmf-dist/tex/latex/base/atveryend-ltx.sty
Package: atveryend-ltx 2020/08/19 v1.0a Emulation of the original atveryend pac
kage
with kernel methods
)
\Fld@listcount=\count274
\c@bookmark@seq@number=\count275

(/usr/share/texlive/texmf-dist/tex/latex/rerunfilecheck/rerunfilecheck.sty
Package: rerunfilecheck 2022-07-10 v1.10 Rerun checks for auxiliary files (HO)

(/usr/share/texlive/texmf-dist/tex/generic/uniquecounter/uniquecounter.sty
Package: uniquecounter 2019/12/15 v1.4 Provide unlimited unique counter (HO)
)
Package uniquecounter Info: New unique counter `rerunfilecheck' on input line 2
85.
)
\Hy@SectionHShift=\skip50
)
(/usr/share/texlive/texmf-dist/tex/latex/enumitem/enumitem.sty
Package: enumitem 2019/06/20 v3.9 Customized lists
\labelindent=\skip51
\enit@outerparindent=\dimen153
\enit@toks=\toks19
\enit@inbox=\box51
\enit@count@id=\count276
\enitdp@description=\count277
)
(/usr/share/texlive/texmf-dist/tex/latex/tools/tabularx.sty
Package: tabularx 2023/07/08 v2.11c `tabularx' package (DPC)

(/usr/share/texlive/texmf-dist/tex/latex/tools/array.sty
Package: array 2023/10/16 v2.5g Tabular extension package (FMi)
\col@sep=\dimen154
\ar@mcellbox=\box52
\extrarowheight=\dimen155
\NC@list=\toks20
\extratabsurround=\skip52
\backup@length=\skip53
\ar@cellbox=\box53
)
\TX@col@width=\dimen156
\TX@old@table=\dimen157
\TX@old@col=\dimen158
\TX@target=\dimen159
\TX@delta=\dimen160
\TX@cols=\count278
\TX@ftn=\toks21
)
LaTeX Font Info:    Trying to load font information for OT1+phv on input line 2
.

(/usr/share/texlive/texmf-dist/tex/latex/psnfss/ot1phv.fd
File: ot1phv.fd 2020/03/25 scalable font definitions for OT1/phv.
)
(/usr/share/texlive/texmf-dist/tex/latex/l3backend/l3backend-pdftex.def
File: l3backend-pdftex.def 2024-01-04 L3 backend support: PDF output (pdfTeX)
\l__color_backend_stack_int=\count279
\l__pdf_internal_box=\box54
)
(./output.aux)
\openout1 = `output.aux'.

LaTeX Font Info:    Checking defaults for OML/cmm/m/it on input line 2.
LaTeX Font Info:    ... okay on input line 2.
LaTeX Font Info:    Checking defaults for OMS/cmsy/m/n on input line 2.
LaTeX Font Info:    ... okay on input line 2.
LaTeX Font Info:    Checking defaults for OT1/cmr/m/n on input line 2.
LaTeX Font Info:    ... okay on input line 2.
LaTeX Font Info:    Checking defaults for T1/cmr/m/n on input line 2.
LaTeX Font Info:    ... okay on input line 2.
LaTeX Font Info:    Checking defaults for TS1/cmr/m/n on input line 2.
LaTeX Font Info:    ... okay on input line 2.
LaTeX Font Info:    Checking defaults for OMX/cmex/m/n on input line 2.
LaTeX Font Info:    ... okay on input line 2.
LaTeX Font Info:    Checking defaults for U/cmr/m/n on input line 2.
LaTeX Font Info:    ... okay on input line 2.
LaTeX Font Info:    Checking defaults for PD1/pdf/m/n on input line 2.
LaTeX Font Info:    ... okay on input line 2.
LaTeX Font Info:    Checking defaults for PU/pdf/m/n on input line 2.
LaTeX Font Info:    ... okay on input line 2.

*geometry* driver: auto-detecting
*geometry* detected driver: pdftex
*geometry* verbose mode - [ preamble ] result:
* driver: pdftex
* paper: letterpaper
* layout: <same size as paper>
* layoutoffset:(h,v)=(0.0pt,0.0pt)
* modes: 
* h-part:(L,W,R)=(85.35826pt, 443.57848pt, 85.35826pt)
* v-part:(T,H,B)=(56.9055pt, 681.15898pt, 56.9055pt)
* \paperwidth=614.295pt
* \paperheight=794.96999pt
* \textwidth=443.57848pt
* \textheight=681.15898pt
* \oddsidemargin=13.08827pt
* \evensidemargin=13.08827pt
* \topmargin=-52.36449pt
* \headheight=12.0pt
* \headsep=25.0pt
* \topskip=10.0pt
* \footskip=30.0pt
* \marginparwidth=49.79231pt
* \marginparsep=11.0pt
* \columnsep=10.0pt
* \skip\footins=9.0pt plus 4.0pt minus 2.0pt
* \hoffset=0.0pt
* \voffset=0.0pt
* \mag=1000
* \@twocolumnfalse
* \@twosidefalse
* \@mparswitchfalse
* \@reversemarginfalse
* (1in=72.27pt=25.4mm, 1cm=28.453pt)

(/usr/share/texlive/texmf-dist/tex/latex/graphics/color.sty
Package: color 2022/01/06 v1.3d Standard LaTeX Color (DPC)

(/usr/share/texlive/texmf-dist/tex/latex/graphics-cfg/color.cfg
File: color.cfg 2016/01/02 v1.6 sample color configuration
)
Package color Info: Driver file: pdftex.def on input line 149.

(/usr/share/texlive/texmf-dist/tex/latex/graphics-def/pdftex.def
File: pdftex.def 2022/09/22 v1.2b Graphics/color driver for pdftex

(/usr/share/texlive/texmf-dist/tex/context/base/mkii/supp-pdf.mkii
[Loading MPS to PDF converter (version 2006.09.02).]
\scratchcounter=\count280
\scratchdimen=\dimen161
\scratchbox=\box55
\nofMPsegments=\count281
\nofMParguments=\count282
\everyMPshowfont=\toks22
\MPscratchCnt=\count283
\MPscratchDim=\dimen162
\MPnumerator=\count284
\makeMPintoPDFobject=\count285
\everyMPtoPDFconversion=\toks23
)) (/usr/share/texlive/texmf-dist/tex/latex/graphics/mathcolor.ltx))
Package hyperref Info: Link coloring ON on input line 2.

(./output.out) (./output.out)
\@outlinefile=\write3
\openout3 = `output.out'.

LaTeX Font Info:    Trying to load font information for TS1+phv on input line 7
.

(/usr/share/texlive/texmf-dist/tex/latex/psnfss/ts1phv.fd
File: ts1phv.fd 2020/03/25 scalable font definitions for TS1/phv.
) [1

{/var/lib/texmf/fonts/map/pdftex/updmap/pdftex.map}{/usr/share/texlive/texmf-di
st/fonts/enc/dvips/base/8r.enc}] [2]
pdfTeX warning (ext4): destination with the same identifier (name{super}) has b
een already used, duplicate ignored
<to be read again> 
                   \relax 
l.711 }
        [3] [4] [5]
pdfTeX warning (ext4): destination with the same identifier (name{super}) has b
een already used, duplicate ignored
<to be read again> 
                   \relax 
l.1415 }
         [6] [7]
pdfTeX warning (ext4): destination with the same identifier (name{super}) has b
een already used, duplicate ignored
<to be read again> 
                   \relax 
l.2119 }
         [8] [9] [10]
pdfTeX warning (ext4): destination with the same identifier (name{super}) has b
een already used, duplicate ignored
<to be read again> 
                   \relax 
l.2823 }
         [11] [12] [13]
pdfTeX warning (ext4): destination with the same identifier (name{super}) has b
een already used, duplicate ignored
<to be read again> 
                   \relax 
l.3527 }
         [14] [15]
pdfTeX warning (ext4): destination with the same identifier (name{super}) has b
een already used, duplicate ignored
<to be read again> 
                   \relax 
l.4231 }
         [16] [17] [18]
pdfTeX warning (ext4): destination with the same identifier (name{super}) has b
een already used, duplicate ignored
<to be read again> 
                   \relax 
l.4935 }
         [19] [20] [21]
pdfTeX warning (ext4): destination with the same identifier (name{super}) has b
een already used, duplicate ignored
<to be read again> 
                   \relax 
l.5639 }
         [22] [23]
pdfTeX warning (ext4): destination with the same identifier (name{super}) has b
een already used, duplicate ignored
<to be read again> 
                   \relax 
l.6343 }
         [24] [25] [26]
pdfTeX warning (ext4): destination with the same identifier (name{super}) has b
een already used, duplicate ignored
<to be read again> 
                   \relax 
l.7047 }
         [27] [28] [29]
pdfTeX warning (ext4): destination with the same identifier (name{super}) has b
een already used, duplicate ignored
<to be read again> 
                   \relax 
l.7751 }
         [30] [31]
pdfTeX warning (ext4): destination with the same identifier (name{super}) has b
een already used, duplicate ignored
<to be read again> 
                   \relax 
l.8455 }
         [32] [33] [34]
pdfTeX warning (ext4): destination with the same identifier (name{super}) has b
een already used, duplicate ignored
<to be read again> 
                   \relax 
l.9159 }
         [35] [36] [37]
pdfTeX warning (ext4): destination with the same identifier (name{super}) has b
een already used, duplicate ignored
<to be read again> 
                   \relax 
l.9863 }
         [38] [39]
pdfTeX warning (ext4): destination with the same identifier (name{super}) has b
een already used, duplicate ignored
<to be read again> 
                   \relax 
l.10567 }
          [40] [41] [42]
pdfTeX warning (ext4): destination with the same identifier (name{super}) has b
een already used, duplicate ignored
<to be read again> 
                   \relax 
l.11271 }
          [43] [44] [45]
pdfTeX warning (ext4): destination with the same identifier (name{super}) has b
een already used, duplicate ignored
<to be read again> 
                   \relax 
l.11975 }
          [46] [47]
pdfTeX warning (ext4): destination with the same identifier (name{super}) has b
een already used, duplicate ignored
<to be read again> 
                   \relax 
l.12679 }
          [48] [49] [50]
pdfTeX warning (ext4): destination with the same identifier (name{super}) has b
een already used, duplicate ignored
<to be read again> 
                   \relax 
l.13383 }
          [51] [52] [53]
pdfTeX warning (ext4): destination with the same identifier (name{super}) has b
een already used, duplicate ignored
<to be read again> 
                   \relax 
l.14087 }
          [54] [55]
pdfTeX warning (ext4): destination with the same identifier (name{super}) has b
een already used, duplicate ignored
<to be read again> 
                   \relax 
l.14791 }
          [56] [57] [58]
pdfTeX warning (ext4): destination with the same identifier (name{super}) has b
een already used, duplicate ignored
<to be read again> 
                   \relax 
l.15495 }
          [59] [60] [61]
pdfTeX warning (ext4): destination with the same identifier (name{super}) has b
een already used, duplicate ignored
<to be read again> 
                   \relax 
l.16199 }
          [62] [63]
pdfTeX warning (ext4): destination with the same identifier (name{super}) has b
een already used, duplicate ignored
<to be read again> 
                   \relax 
l.16903 }
          [64] [65] [66]
pdfTeX warning (ext4): destination with the same identifier (name{super}) has b
een already used, duplicate ignored
<to be read again> 
                   \relax 
l.17607 }
          [67] [68] [69]
pdfTeX warning (ext4): destination with the same identifier (name{super}) has b
een already used, duplicate ignored
<to be read again> 
                   \relax 
l.18311 }
          [70] [71]
pdfTeX warning (ext4): destination with the same identifier (name{super}) has b
een already used, duplicate ignored
<to be read again> 
                   \relax 
l.19015 }
          [72] [73] [74]
pdfTeX warning (ext4): destination with the same identifier (name{super}) has b
een already used, duplicate ignored
<to be read again> 
                   \relax 
l.19719 }
          [75] [76] [77]
pdfTeX warning (ext4): destination with the same identifier (name{super}) has b
een already used, duplicate ignored
<to be read again> 
                   \relax 
l.20423 }
          [78] [79]
pdfTeX warning (ext4): destination with the same identifier (name{super}) has b
een already used, duplicate ignored
<to be read again> 
                   \relax 
l.21127 }
          [80] [81] [82]
pdfTeX warning (ext4): destination with the same identifier (name{super}) has b
een already used, duplicate ignored
<to be read again> 
                   \relax 
l.21831 }
          [83] [84] [85]
pdfTeX warning (ext4): destination with the same identifier (name{super}) has b
een already used, duplicate ignored
<to be read again> 
                   \relax 
l.22535 }
          [86] [87]
pdfTeX warning (ext4): destination with the same identifier (name{super}) has b
een already used, duplicate ignored
<to be read again> 
                   \relax 
l.23239 }
          [88] [89] [90]
pdfTeX warning (ext4): destination with the same identifier (name{super}) has b
een already used, duplicate ignored
<to be read again> 
                   \relax 
l.23943 }
          [91] [92] [93]
pdfTeX warning (ext4): destination with the same identifier (name{super}) has b
een already used, duplicate ignored
<to be read again> 
                   \relax 
l.24647 }
          [94] [95]
pdfTeX warning (ext4): destination with the same identifier (name{super}) has b
een already used, duplicate ignored
<to be read again> 
                   \relax 
l.25351 }
          [96] [97] [98]
pdfTeX warning (ext4): destination with the same identifier (name{super}) has b
een already used, duplicate ignored
<to be read again> 
                   \relax 
l.26055 }
          [99] [100] [101]
pdfTeX warning (ext4): destination with the same identifier (name{super}) has b
een already used, duplicate ignored
<to be read again> 
                   \relax 
l.26759 }
          [102] [103]
pdfTeX warning (ext4): destination with the same identifier (name{super}) has b
een already used, duplicate ignored
<to be read again> 
                   \relax 
l.27463 }
          [104] [105] [106]
pdfTeX warning (ext4): destination with the same identifier (name{super}) has b
een already used, duplicate ignored
<to be read again> 
                   \relax 
l.28167 }
          [107] [108] [109]
pdfTeX warning (ext4): destination with the same identifier (name{super}) has b
een already used, duplicate ignored
<to be read again> 
                   \relax 
l.28871 }
          [110] [111]
pdfTeX warning (ext4): destination with the same identifier (name{super}) has b
een already used, duplicate ignored
<to be read again> 
                   \relax 
l.29575 }
          [112] [113] [114]
pdfTeX warning (ext4): destination with the same identifier (name{super}) has b
een already used, duplicate ignored
<to be read again> 
                   \relax 
l.30279 }
          [115] [116] [117]
pdfTeX warning (ext4): destination with the same identifier (name{super}) has b
een already used, duplicate ignored
<to be read again> 
                   \relax 
l.30983 }
          [118] [119]
pdfTeX warning (ext4): destination with the same identifier (name{super}) has b
een already used, duplicate ignored
<to be read again> 
                   \relax 
l.31687 }
          [120] [121] [122]
pdfTeX warning (ext4): destination with the same identifier (name{super}) has b
een already used, duplicate ignored
<to be read again> 
                   \relax 
l.32391 }
          [123] [124] [125]
pdfTeX warning (ext4): destination with the same identifier (name{super}) has b
een already used, duplicate ignored
<to be read again> 
                   \relax 
l.33095 }
          [126] [127]
pdfTeX warning (ext4): destination with the same identifier (name{super}) has b
een already used, duplicate ignored
<to be read again> 
                   \relax 
l.33799 }
          [128] [129] [130]
pdfTeX warning (ext4): destination with the same identifier (name{super}) has b
een already used, duplicate ignored
<to be read again> 
                   \relax 
l.34503 }
          [131] [132] [133]
pdfTeX warning (ext4): destination with the same identifier (name{super}) has b
een already used, duplicate ignored
<to be read again> 
                   \relax 
l.35207 }
          [134] [135]
pdfTeX warning (ext4): destination with the same identifier (name{super}) has b
een already used, duplicate ignored
<to be read again> 
                   \relax 
l.35911 }
          [136] [137] [138]
pdfTeX warning (ext4): destination with the same identifier (name{super}) has b
een already used, duplicate ignored
<to be read again> 
                   \relax 
l.36615 }
          [139] [140] [141]
pdfTeX warning (ext4): destination with the same identifier (name{super}) has b
een already used, duplicate ignored
<to be read again> 
                   \relax 
l.37319 }
          [142] [143]
pdfTeX warning (ext4): destination with the same identifier (name{super}) has b
een already used, duplicate ignored
<to be read again> 
                   \relax 
l.38023 }
          [144] [145] [146]
pdfTeX warning (ext4): destination with the same identifier (name{super}) has b
een already used, duplicate ignored
<to be read again> 
                   \relax 
l.38727 }
          [147] [148] [149]
pdfTeX warning (ext4): destination with the same identifier (name{super}) has b
een already used, duplicate ignored
<to be read again> 
                   \relax 
l.39431 }
          [150] [151]
pdfTeX warning (ext4): destination with the same identifier (name{super}) has b
een already used, duplicate ignored
<to be read again> 
                   \relax 
l.40135 }
          [152] [153] [154]
pdfTeX warning (ext4): destination with the same identifier (name{super}) has b
een already used, duplicate ignored
<to be read again> 
                   \relax 
l.40839 }
          [155] [156] [157]
pdfTeX warning (ext4): destination with the same identifier (name{super}) has b
een already used, duplicate ignored
<to be read again> 
                   \relax 
l.41543 }
          [158] [159]
pdfTeX warning (ext4): destination with the same identifier (name{super}) has b
een already used, duplicate ignored
<to be read again> 
                   \relax 
l.42247 }
          [160] [161] [162]
pdfTeX warning (ext4): destination with the same identifier (name{super}) has b
een already used, duplicate ignored
<to be read again> 
                   \relax 
l.42951 }
          [163] [164] [165]
pdfTeX warning (ext4): destination with the same identifier (name{super}) has b
een already used, duplicate ignored
<to be read again> 
                   \relax 
l.43655 }
          [166] [167]
pdfTeX warning (ext4): destination with the same identifier (name{super}) has b
een already used, duplicate ignored
<to be read again> 
                   \relax 
l.44359 }
          [168] [169] [170]
pdfTeX warning (ext4): destination with the same identifier (name{super}) has b
een already used, duplicate ignored
<to be read again> 
                   \relax 
l.45063 }
          [171] [172] [173]
pdfTeX warning (ext4): destination with the same identifier (name{super}) has b
een already used, duplicate ignored
<to be read again> 
                   \relax 
l.45767 }
          [174] [175]
pdfTeX warning (ext4): destination with the same identifier (name{super}) has b
een already used, duplicate ignored
<to be read again> 
                   \relax 
l.46471 }
          [176] [177] [178]
pdfTeX warning (ext4): destination with the same identifier (name{super}) has b
een already used, duplicate ignored
<to be read again> 
                   \relax 
l.47175 }
          [179] [180] [181]
pdfTeX warning (ext4): destination with the same identifier (name{super}) has b
een already used, duplicate ignored
<to be read again> 
                   \relax 
l.47879 }
          [182] [183]
pdfTeX warning (ext4): destination with the same identifier (name{super}) has b
een already used, duplicate ignored
<to be read again> 
                   \relax 
l.48583 }
          [184] [185] [186]
pdfTeX warning (ext4): destination with the same identifier (name{super}) has b
een already used, duplicate ignored
<to be read again> 
                   \relax 
l.49287 }
          [187] [188] [189]
pdfTeX warning (ext4): destination with the same identifier (name{super}) has b
een already used, duplicate ignored
<to be read again> 
                   \relax 
l.49991 }
          [190] [191]
pdfTeX warning (ext4): destination with the same identifier (name{super}) has b
een already used, duplicate ignored
<to be read again> 
                   \relax 
l.50695 }
          [192] [193] [194]
pdfTeX warning (ext4): destination with the same identifier (name{super}) has b
een already used, duplicate ignored
<to be read again> 
                   \relax 
l.51399 }
          [195] [196] [197]
pdfTeX warning (ext4): destination with the same identifier (name{super}) has b
een already used, duplicate ignored
<to be read again> 
                   \relax 
l.52103 }
          [198] [199]
pdfTeX warning (ext4): destination with the same identifier (name{super}) has b
een already used, duplicate ignored
<to be read again> 
                   \relax 
l.52807 }
          [200] [201] [202]
pdfTeX warning (ext4): destination with the same identifier (name{super}) has b
een already used, duplicate ignored
<to be read again> 
                   \relax 
l.53511 }
          [203] [204] [205]
pdfTeX warning (ext4): destination with the same identifier (name{super}) has b
een already used, duplicate ignored
<to be read again> 
                   \relax 
l.54215 }
          [206] [207]
pdfTeX warning (ext4): destination with the same identifier (name{super}) has b
een already used, duplicate ignored
<to be read again> 
                   \relax 
l.54919 }
          [208] [209] [210]
pdfTeX warning (ext4): destination with the same identifier (name{super}) has b
een already used, duplicate ignored
<to be read again> 
                   \relax 
l.55623 }
          [211] [212] [213]
pdfTeX warning (ext4): destination with the same identifier (name{super}) has b
een already used, duplicate ignored
<to be read again> 
                   \relax 
l.56327 }
          [214] [215]
pdfTeX warning (ext4): destination with the same identifier (name{super}) has b
een already used, duplicate ignored
<to be read again> 
                   \relax 
l.57031 }
          [216] [217] [218]
pdfTeX warning (ext4): destination with the same identifier (name{super}) has b
een already used, duplicate ignored
<to be read again> 
                   \relax 
l.57735 }
          [219] [220] [221]
pdfTeX warning (ext4): destination with the same identifier (name{super}) has b
een already used, duplicate ignored
<to be read again> 
                   \relax 
l.58439 }
          [222] [223]
pdfTeX warning (ext4): destination with the same identifier (name{super}) has b
een already used, duplicate ignored
<to be read again> 
                   \relax 
l.59143 }
          [224] [225] [226]
pdfTeX warning (ext4): destination with the same identifier (name{super}) has b
een already used, duplicate ignored
<to be read again> 
                   \relax 
l.59847 }
          [227] [228] [229]
pdfTeX warning (ext4): destination with the same identifier (name{super}) has b
een already used, duplicate ignored
<to be read again> 
                   \relax 
l.60551 }
          [230] [231]
pdfTeX warning (ext4): destination with the same identifier (name{super}) has b
een already used, duplicate ignored
<to be read again> 
                   \relax 
l.61255 }
          [232] [233] [234]
pdfTeX warning (ext4): destination with the same identifier (name{super}) has b
een already used, duplicate ignored
<to be read again> 
                   \relax 
l.61959 }
          [235] [236] [237]
pdfTeX warning (ext4): destination with the same identifier (name{super}) has b
een already used, duplicate ignored
<to be read again> 
                   \relax 
l.62663 }
          [238] [239]
pdfTeX warning (ext4): destination with the same identifier (name{super}) has b
een already used, duplicate ignored
<to be read again> 
                   \relax 
l.63367 }
          [240] [241] [242]
pdfTeX warning (ext4): destination with the same identifier (name{super}) has b
een already used, duplicate ignored
<to be read again> 
                   \relax 
l.64071 }
          [243] [244] [245]
pdfTeX warning (ext4): destination with the same identifier (name{super}) has b
een already used, duplicate ignored
<to be read again> 
                   \relax 
l.64775 }
          [246] [247]
pdfTeX warning (ext4): destination with the same identifier (name{super}) has b
een already used, duplicate ignored
<to be read again> 
                   \relax 
l.65479 }
          [248] [249] [250]
pdfTeX warning (ext4): destination with the same identifier (name{super}) has b
een already used, duplicate ignored
<to be read again> 
                   \relax 
l.66183 }
          [251] [252] [253]
pdfTeX warning (ext4): destination with the same identifier (name{super}) has b
een already used, duplicate ignored
<to be read again> 
                   \relax 
l.66887 }
          [254] [255]
pdfTeX warning (ext4): destination with the same identifier (name{super}) has b
een already used, duplicate ignored
<to be read again> 
                   \relax 
l.67591 }
          [256] [257] [258]
pdfTeX warning (ext4): destination with the same identifier (name{super}) has b
een already used, duplicate ignored
<to be read again> 
                   \relax 
l.68295 }
          [259] [260] [261]
pdfTeX warning (ext4): destination with the same identifier (name{super}) has b
een already used, duplicate ignored
<to be read again> 
                   \relax 
l.68999 }
          [262] [263]
pdfTeX warning (ext4): destination with the same identifier (name{super}) has b
een already used, duplicate ignored
<to be read again> 
                   \relax 
l.69703 }
          [264] [265] [266] [267] (./output.aux)
 ***********
LaTeX2e <2023-11-01> patch level 1
L3 programming layer <2024-01-22>
 ***********
Package rerunfilecheck Info: File `output.out' has not changed.
(rerunfilecheck)             Checksum: D41D8CD98F00B204E9800998ECF8427E;0.
 ) 
Here is how much of TeX's memory you used:
 9342 strings out of 476182
 142920 string characters out of 5795596
 1952975 words of memory out of 5000000
 30998 multiletter control sequences out of 15000+600000
 562087 words of font info for 42 fonts, out of 8000000 for 9000
 14 hyphenation exceptions out of 8191
 75i,8n,79p,735b,435s stack positions out of 10000i,1000n,20000p,200000b,200000s
</usr/share/texlive/texmf-dist/fonts/type1/urw/helvetic/uhvb8a.pfb></usr/shar
e/texlive/texmf-dist/fonts/type1/urw/helvetic/uhvr8a.pfb>
Output written on output.pdf (267 pages, 433802 bytes).
PDF statistics:
 31308 PDF objects out of 31911 (max. 8388607)
 10925 compressed objects within 110 object streams
 269 named destinations out of 1000 (max. 500000)
 1 words of extra memory for PDF output out of 10000 (max. 10000000)

